Using pre-set license
Built from '2022.3/staging' branch; Version is '2022.3.37f1 (340ba89e4c23) revision 3410856'; Using compiler version '192829333'; Build Type 'Release'
OS: 'Windows 10  (10.0.19045) 64bit Professional' Language: 'zh' Physical Memory: 32611 MB
BatchMode: 1, IsHumanControllingUs: 0, StartBugReporterOnCrash: 0, Is64bit: 1, IsPro: 1

COMMAND LINE ARGUMENTS:
D:\Unity\Editor\2022.3.37f1\Editor\Unity.exe
-adb2
-batchMode
-noUpm
-name
AssetImportWorker3
-projectPath
E:/GitHub/UnityExercise_HMR_xLua
-logFile
Logs/AssetImportWorker3.log
-srvPort
11299
Successfully changed project path to: E:/GitHub/UnityExercise_HMR_xLua
E:/GitHub/UnityExercise_HMR_xLua
[UnityMemory] Configuration Parameters - Can be set up in boot.config
    "memorysetup-bucket-allocator-granularity=16"
    "memorysetup-bucket-allocator-bucket-count=8"
    "memorysetup-bucket-allocator-block-size=33554432"
    "memorysetup-bucket-allocator-block-count=8"
    "memorysetup-main-allocator-block-size=16777216"
    "memorysetup-thread-allocator-block-size=16777216"
    "memorysetup-gfx-main-allocator-block-size=16777216"
    "memorysetup-gfx-thread-allocator-block-size=16777216"
    "memorysetup-cache-allocator-block-size=4194304"
    "memorysetup-typetree-allocator-block-size=2097152"
    "memorysetup-profiler-bucket-allocator-granularity=16"
    "memorysetup-profiler-bucket-allocator-bucket-count=8"
    "memorysetup-profiler-bucket-allocator-block-size=33554432"
    "memorysetup-profiler-bucket-allocator-block-count=8"
    "memorysetup-profiler-allocator-block-size=16777216"
    "memorysetup-profiler-editor-allocator-block-size=1048576"
    "memorysetup-temp-allocator-size-main=16777216"
    "memorysetup-job-temp-allocator-block-size=2097152"
    "memorysetup-job-temp-allocator-block-size-background=1048576"
    "memorysetup-job-temp-allocator-reduction-small-platforms=262144"
    "memorysetup-allocator-temp-initial-block-size-main=262144"
    "memorysetup-allocator-temp-initial-block-size-worker=262144"
    "memorysetup-temp-allocator-size-background-worker=32768"
    "memorysetup-temp-allocator-size-job-worker=262144"
    "memorysetup-temp-allocator-size-preload-manager=33554432"
    "memorysetup-temp-allocator-size-nav-mesh-worker=65536"
    "memorysetup-temp-allocator-size-audio-worker=65536"
    "memorysetup-temp-allocator-size-cloud-worker=32768"
    "memorysetup-temp-allocator-size-gi-baking-worker=262144"
    "memorysetup-temp-allocator-size-gfx=262144"
Player connection [29112] Host "[IP] 192.168.3.144 [Port] 0 [Flags] 2 [Guid] 280161156 [EditorId] 280161156 [Version] 1048832 [Id] WindowsEditor(7,DESKTOP-TKFM6NE) [Debug] 1 [PackageName] WindowsEditor [ProjectName] Editor" joined multi-casting on [225.0.0.222:54997]...

Player connection [29112] Host "[IP] 192.168.3.144 [Port] 0 [Flags] 2 [Guid] 280161156 [EditorId] 280161156 [Version] 1048832 [Id] WindowsEditor(7,DESKTOP-TKFM6NE) [Debug] 1 [PackageName] WindowsEditor [ProjectName] Editor" joined alternative multi-casting on [225.0.0.222:34997]...

[PhysX] Initialized MultithreadedTaskDispatcher with 12 workers.
Refreshing native plugins compatible for Editor in 4.24 ms, found 4 plugins.
Preloading 0 native plugins for Editor in 0.00 ms.
Initialize engine version: 2022.3.37f1 (340ba89e4c23)
[Subsystems] Discovering subsystems at path D:/Unity/Editor/2022.3.37f1/Editor/Data/Resources/UnitySubsystems
[Subsystems] Discovering subsystems at path E:/GitHub/UnityExercise_HMR_xLua/Assets
GfxDevice: creating device client; threaded=0; jobified=0
Direct3D:
    Version:  Direct3D 11.0 [level 11.1]
    Renderer: NVIDIA GeForce RTX 3060 (ID=0x2504)
    Vendor:   NVIDIA
    VRAM:     12115 MB
    Driver:   32.0.15.6094
Initialize mono
Mono path[0] = 'D:/Unity/Editor/2022.3.37f1/Editor/Data/Managed'
Mono path[1] = 'D:/Unity/Editor/2022.3.37f1/Editor/Data/MonoBleedingEdge/lib/mono/unityjit-win32'
Mono config path = 'D:/Unity/Editor/2022.3.37f1/Editor/Data/MonoBleedingEdge/etc'
Using monoOptions --debugger-agent=transport=dt_socket,embedding=1,server=y,suspend=n,address=127.0.0.1:56364
Begin MonoManager ReloadAssembly
Registering precompiled unity dll's ...
Register platform support module: D:/Unity/Editor/2022.3.37f1/Editor/Data/PlaybackEngines/AndroidPlayer/UnityEditor.Android.Extensions.dll
Register platform support module: D:/Unity/Editor/2022.3.37f1/Editor/Data/PlaybackEngines/WindowsStandaloneSupport/UnityEditor.WindowsStandalone.Extensions.dll
Registered in 0.002615 seconds.
- Loaded All Assemblies, in  0.273 seconds
Native extension for WindowsStandalone target not found
Native extension for Android target not found
Android Extension - Scanning For ADB Devices 198 ms
Mono: successfully reloaded assembly
- Finished resetting the current domain, in  0.439 seconds
Domain Reload Profiling: 712ms
	BeginReloadAssembly (93ms)
		ExecutionOrderSort (0ms)
		DisableScriptedObjects (0ms)
		BackupInstance (0ms)
		ReleaseScriptingObjects (0ms)
		CreateAndSetChildDomain (1ms)
	RebuildCommonClasses (25ms)
	RebuildNativeTypeToScriptingClass (8ms)
	initialDomainReloadingComplete (37ms)
	LoadAllAssembliesAndSetupDomain (110ms)
		LoadAssemblies (94ms)
		RebuildTransferFunctionScriptingTraits (0ms)
		AnalyzeDomain (108ms)
			TypeCache.Refresh (107ms)
				TypeCache.ScanAssembly (97ms)
			ScanForSourceGeneratedMonoScriptInfo (0ms)
			ResolveRequiredComponents (0ms)
	FinalizeReload (440ms)
		ReleaseScriptCaches (0ms)
		RebuildScriptCaches (0ms)
		SetupLoadedEditorAssemblies (395ms)
			LogAssemblyErrors (0ms)
			InitializePlatformSupportModulesInManaged (275ms)
			SetLoadedEditorAssemblies (3ms)
			RefreshPlugins (0ms)
			BeforeProcessingInitializeOnLoad (2ms)
			ProcessInitializeOnLoadAttributes (82ms)
			ProcessInitializeOnLoadMethodAttributes (33ms)
			AfterProcessingInitializeOnLoad (0ms)
			EditorAssembliesLoaded (0ms)
		ExecutionOrderSort2 (0ms)
		AwakeInstancesAfterBackupRestoration (0ms)
========================================================================
Worker process is ready to serve import requests
Begin MonoManager ReloadAssembly
- Loaded All Assemblies, in  0.417 seconds
Refreshing native plugins compatible for Editor in 1.89 ms, found 4 plugins.
Native extension for WindowsStandalone target not found
Native extension for Android target not found
Mono: successfully reloaded assembly
- Finished resetting the current domain, in  0.507 seconds
Domain Reload Profiling: 925ms
	BeginReloadAssembly (96ms)
		ExecutionOrderSort (0ms)
		DisableScriptedObjects (4ms)
		BackupInstance (0ms)
		ReleaseScriptingObjects (0ms)
		CreateAndSetChildDomain (15ms)
	RebuildCommonClasses (23ms)
	RebuildNativeTypeToScriptingClass (9ms)
	initialDomainReloadingComplete (25ms)
	LoadAllAssembliesAndSetupDomain (263ms)
		LoadAssemblies (194ms)
		RebuildTransferFunctionScriptingTraits (0ms)
		AnalyzeDomain (126ms)
			TypeCache.Refresh (110ms)
				TypeCache.ScanAssembly (98ms)
			ScanForSourceGeneratedMonoScriptInfo (11ms)
			ResolveRequiredComponents (4ms)
	FinalizeReload (508ms)
		ReleaseScriptCaches (0ms)
		RebuildScriptCaches (0ms)
		SetupLoadedEditorAssemblies (402ms)
			LogAssemblyErrors (0ms)
			InitializePlatformSupportModulesInManaged (16ms)
			SetLoadedEditorAssemblies (3ms)
			RefreshPlugins (0ms)
			BeforeProcessingInitializeOnLoad (61ms)
			ProcessInitializeOnLoadAttributes (306ms)
			ProcessInitializeOnLoadMethodAttributes (14ms)
			AfterProcessingInitializeOnLoad (2ms)
			EditorAssembliesLoaded (0ms)
		ExecutionOrderSort2 (0ms)
		AwakeInstancesAfterBackupRestoration (5ms)
Launched and connected shader compiler UnityShaderCompiler.exe after 0.04 seconds
Refreshing native plugins compatible for Editor in 1.87 ms, found 4 plugins.
Preloading 0 native plugins for Editor in 0.00 ms.
Unloading 3247 Unused Serialized files (Serialized files now loaded: 0)
Unloading 54 unused Assets / (65.9 KB). Loaded Objects now: 3695.
Memory consumption went from 127.5 MB to 127.5 MB.
Total: 2.084000 ms (FindLiveObjects: 0.162500 ms CreateObjectMapping: 0.066200 ms MarkObjects: 1.763900 ms  DeleteObjects: 0.089900 ms)

AssetImportParameters requested are different than current active one (requested -> active):
  custom:container-demuxer-ogg: 62fdf1f143b41e24485cea50d1cbac27 -> 
  custom:video-decoder-ogg-theora: a1e56fd34408186e4bbccfd4996cb3dc -> 
  custom:framework-win-MediaFoundation: 216162199b28c13a410421893ffa2e32 -> 
  custom:CustomObjectIndexerAttribute: 9a22284fe3817be447336de3de66b15e -> 
  custom:container-demuxer-webm: 4f35f7cbe854078d1ac9338744f61a02 -> 
  custom:container-muxer-webm: aa71ff27fc2769a1b78a27578f13a17b -> 
  custom:video-decoder-webm-vp8: 9c59270c3fd7afecdb556c50c9e8de78 -> 
  custom:SearchIndexIgnoredProperties: e643bd26f0fe6173181afceb89e7c659 -> 
  custom:AudioImporter_EditorPlatform: d09bf68614088b80899f8185d706f6e7 -> 
  custom:video-encoder-webm-vp8: eb34c28f22e8b96e1ab97ce403110664 -> 
  custom:audio-decoder-ogg-vorbis: bf7c407c2cedff20999df2af8eb42d56 -> 
  custom:audio-encoder-webm-vorbis: bf7c407c2cedff20999df2af8eb42d56 -> 
========================================================================
Received Import Request.
  Time since last request: 176194.494069 seconds.
  path: Assets/ArtRes/UI/icon/主角技能/法师技能/4_43020004.png
  artifactKey: Guid(73e9b0ed668629c47bcc514724f37d9f) Importer(815301076,1909f56bfc062723c751e8b465ee728b)
Start importing Assets/ArtRes/UI/icon/主角技能/法师技能/4_43020004.png using Guid(73e9b0ed668629c47bcc514724f37d9f) Importer(815301076,1909f56bfc062723c751e8b465ee728b) [PhysX] Initialized MultithreadedTaskDispatcher with 12 workers.
[PhysX] Initialized MultithreadedTaskDispatcher with 12 workers.
 -> (artifact id: 'c556f3f5c34a8b368c9e49f9d839a0b3') in 0.036776 seconds
Number of updated asset objects reloaded before import = 0
Number of asset objects unloaded after import = 2
========================================================================
Received Import Request.
  Time since last request: 0.022456 seconds.
  path: Assets/ArtRes/UI/icon/怪物头像/5_12000005.png
  artifactKey: Guid(450ae1430ab182348a9b79c7c87c3130) Importer(815301076,1909f56bfc062723c751e8b465ee728b)
Start importing Assets/ArtRes/UI/icon/怪物头像/5_12000005.png using Guid(450ae1430ab182348a9b79c7c87c3130) Importer(815301076,1909f56bfc062723c751e8b465ee728b) [PhysX] Initialized MultithreadedTaskDispatcher with 12 workers.
[PhysX] Initialized MultithreadedTaskDispatcher with 12 workers.
 -> (artifact id: 'efe7979705dfd106fbc26900a162a21b') in 0.004319 seconds
Number of updated asset objects reloaded before import = 0
Number of asset objects unloaded after import = 2
========================================================================
Received Import Request.
  Time since last request: 0.000011 seconds.
  path: Assets/ArtRes/UI/icon/主角技能/法师技能/5_43020005.png
  artifactKey: Guid(865fc423ed29c77478c23ab872474f87) Importer(815301076,1909f56bfc062723c751e8b465ee728b)
Start importing Assets/ArtRes/UI/icon/主角技能/法师技能/5_43020005.png using Guid(865fc423ed29c77478c23ab872474f87) Importer(815301076,1909f56bfc062723c751e8b465ee728b) [PhysX] Initialized MultithreadedTaskDispatcher with 12 workers.
[PhysX] Initialized MultithreadedTaskDispatcher with 12 workers.
 -> (artifact id: '1065fbaf4ba38bfcd413919186ce2e91') in 0.003739 seconds
Number of updated asset objects reloaded before import = 0
Number of asset objects unloaded after import = 2
========================================================================
Received Import Request.
  Time since last request: 0.000015 seconds.
  path: Assets/ArtRes/UI/icon/主角技能/BUFF图标/BUFF图标（64）/图集/5_47050005.png
  artifactKey: Guid(200d767fa6c18a945a9f33eede3d1c1f) Importer(815301076,1909f56bfc062723c751e8b465ee728b)
Start importing Assets/ArtRes/UI/icon/主角技能/BUFF图标/BUFF图标（64）/图集/5_47050005.png using Guid(200d767fa6c18a945a9f33eede3d1c1f) Importer(815301076,1909f56bfc062723c751e8b465ee728b) [PhysX] Initialized MultithreadedTaskDispatcher with 12 workers.
[PhysX] Initialized MultithreadedTaskDispatcher with 12 workers.
 -> (artifact id: '4a79b9c671a5f54273cd1c2b35aeb981') in 0.004615 seconds
Number of updated asset objects reloaded before import = 0
Number of asset objects unloaded after import = 2
========================================================================
Received Import Request.
  Time since last request: 26.533500 seconds.
  path: Assets/ArtRes/UI/icon/主角装备/战士/3级战士/6_22110006.png
  artifactKey: Guid(66e046acda4dfaf4ead2f3078f36ff70) Importer(815301076,1909f56bfc062723c751e8b465ee728b)
Start importing Assets/ArtRes/UI/icon/主角装备/战士/3级战士/6_22110006.png using Guid(66e046acda4dfaf4ead2f3078f36ff70) Importer(815301076,1909f56bfc062723c751e8b465ee728b) [PhysX] Initialized MultithreadedTaskDispatcher with 12 workers.
[PhysX] Initialized MultithreadedTaskDispatcher with 12 workers.
 -> (artifact id: '15acd91d68e0fabbdc6e7943217d5b75') in 0.007299 seconds
Number of updated asset objects reloaded before import = 0
Number of asset objects unloaded after import = 2
========================================================================
Received Import Request.
  Time since last request: 0.000013 seconds.
  path: Assets/ArtRes/UI/icon/宠物技能/128大小图标/6_44000006.png
  artifactKey: Guid(b2c0c9cb5692c694380b08d4ee99c470) Importer(815301076,1909f56bfc062723c751e8b465ee728b)
Start importing Assets/ArtRes/UI/icon/宠物技能/128大小图标/6_44000006.png using Guid(b2c0c9cb5692c694380b08d4ee99c470) Importer(815301076,1909f56bfc062723c751e8b465ee728b) [PhysX] Initialized MultithreadedTaskDispatcher with 12 workers.
[PhysX] Initialized MultithreadedTaskDispatcher with 12 workers.
 -> (artifact id: '6918d3fb5d241929e225ee51a700d0d9') in 0.022188 seconds
Number of updated asset objects reloaded before import = 0
Number of asset objects unloaded after import = 2
========================================================================
Received Import Request.
  Time since last request: 0.018356 seconds.
  path: Assets/ArtRes/UI/icon/主角装备/暂代资源/7.png
  artifactKey: Guid(3afd9ccf72b511f49a754aea1a243af2) Importer(815301076,1909f56bfc062723c751e8b465ee728b)
Start importing Assets/ArtRes/UI/icon/主角装备/暂代资源/7.png using Guid(3afd9ccf72b511f49a754aea1a243af2) Importer(815301076,1909f56bfc062723c751e8b465ee728b) [PhysX] Initialized MultithreadedTaskDispatcher with 12 workers.
[PhysX] Initialized MultithreadedTaskDispatcher with 12 workers.
 -> (artifact id: 'c6d35ef4ee734b0d883ca26eb3e05770') in 0.003745 seconds
Number of updated asset objects reloaded before import = 0
Number of asset objects unloaded after import = 2
========================================================================
Received Import Request.
  Time since last request: 0.030339 seconds.
  path: Assets/ArtRes/UI/icon/主角技能/法师技能/附带ID技能资源/7_43010007.png
  artifactKey: Guid(64347e70655d93e40968530811f3285f) Importer(815301076,1909f56bfc062723c751e8b465ee728b)
Start importing Assets/ArtRes/UI/icon/主角技能/法师技能/附带ID技能资源/7_43010007.png using Guid(64347e70655d93e40968530811f3285f) Importer(815301076,1909f56bfc062723c751e8b465ee728b) [PhysX] Initialized MultithreadedTaskDispatcher with 12 workers.
[PhysX] Initialized MultithreadedTaskDispatcher with 12 workers.
 -> (artifact id: '510ea7ba2b39780441b2bb515ae5b58d') in 0.003472 seconds
Number of updated asset objects reloaded before import = 0
Number of asset objects unloaded after import = 2
========================================================================
Received Import Request.
  Time since last request: 0.000011 seconds.
  path: Assets/ArtRes/UI/icon/主角技能/BUFF图标/BUFF图标（64）/图集/7_47050007.png
  artifactKey: Guid(783180b1051b05d46b28b07478091a65) Importer(815301076,1909f56bfc062723c751e8b465ee728b)
Start importing Assets/ArtRes/UI/icon/主角技能/BUFF图标/BUFF图标（64）/图集/7_47050007.png using Guid(783180b1051b05d46b28b07478091a65) Importer(815301076,1909f56bfc062723c751e8b465ee728b) [PhysX] Initialized MultithreadedTaskDispatcher with 12 workers.
[PhysX] Initialized MultithreadedTaskDispatcher with 12 workers.
 -> (artifact id: 'ac3c8d8881b626f6933279e100747241') in 0.004441 seconds
Number of updated asset objects reloaded before import = 0
Number of asset objects unloaded after import = 2
========================================================================
Received Import Request.
  Time since last request: 0.899962 seconds.
  path: Assets/ArtRes/UI/icon/主角技能/法师技能/附带ID技能资源/8_43020008.png
  artifactKey: Guid(6cc6c571b520fc84a99d16bf2518d898) Importer(815301076,1909f56bfc062723c751e8b465ee728b)
Start importing Assets/ArtRes/UI/icon/主角技能/法师技能/附带ID技能资源/8_43020008.png using Guid(6cc6c571b520fc84a99d16bf2518d898) Importer(815301076,1909f56bfc062723c751e8b465ee728b) [PhysX] Initialized MultithreadedTaskDispatcher with 12 workers.
[PhysX] Initialized MultithreadedTaskDispatcher with 12 workers.
 -> (artifact id: 'af195f8f4ea2ebdf5e1012a13531f0b7') in 0.005352 seconds
Number of updated asset objects reloaded before import = 0
Number of asset objects unloaded after import = 2
========================================================================
Received Import Request.
  Time since last request: 0.039259 seconds.
  path: Assets/ArtRes/UI/icon/主角装备/暂代资源/9.png
  artifactKey: Guid(86813c8275fe02346b837dc88886b12f) Importer(815301076,1909f56bfc062723c751e8b465ee728b)
Start importing Assets/ArtRes/UI/icon/主角装备/暂代资源/9.png using Guid(86813c8275fe02346b837dc88886b12f) Importer(815301076,1909f56bfc062723c751e8b465ee728b) [PhysX] Initialized MultithreadedTaskDispatcher with 12 workers.
[PhysX] Initialized MultithreadedTaskDispatcher with 12 workers.
 -> (artifact id: 'c76fa3a5b21bb5bcc0317efaf3974bce') in 0.003441 seconds
Number of updated asset objects reloaded before import = 0
Number of asset objects unloaded after import = 2
========================================================================
Received Import Request.
  Time since last request: 0.000015 seconds.
  path: Assets/ArtRes/UI/icon/主角技能/法师技能/附带ID技能资源/9_43020009.png
  artifactKey: Guid(6f3e5399d9e230446b9896d62301f149) Importer(815301076,1909f56bfc062723c751e8b465ee728b)
Start importing Assets/ArtRes/UI/icon/主角技能/法师技能/附带ID技能资源/9_43020009.png using Guid(6f3e5399d9e230446b9896d62301f149) Importer(815301076,1909f56bfc062723c751e8b465ee728b) [PhysX] Initialized MultithreadedTaskDispatcher with 12 workers.
[PhysX] Initialized MultithreadedTaskDispatcher with 12 workers.
 -> (artifact id: '8570908436ea116247e9af8dd24bccb8') in 0.004169 seconds
Number of updated asset objects reloaded before import = 0
Number of asset objects unloaded after import = 2
========================================================================
Received Import Request.
  Time since last request: 0.644127 seconds.
  path: Assets/ArtRes/UI/icon/主角技能/BUFF图标/BUFF图标（64）/图集/9_47050009.png
  artifactKey: Guid(da1cf10fc2833b84a8f4c3d9d5deaada) Importer(815301076,1909f56bfc062723c751e8b465ee728b)
Start importing Assets/ArtRes/UI/icon/主角技能/BUFF图标/BUFF图标（64）/图集/9_47050009.png using Guid(da1cf10fc2833b84a8f4c3d9d5deaada) Importer(815301076,1909f56bfc062723c751e8b465ee728b) [PhysX] Initialized MultithreadedTaskDispatcher with 12 workers.
[PhysX] Initialized MultithreadedTaskDispatcher with 12 workers.
 -> (artifact id: '56b644c05e6900c7a2ec4dc2a2a3f64a') in 0.003500 seconds
Number of updated asset objects reloaded before import = 0
Number of asset objects unloaded after import = 2
========================================================================
Received Import Request.
  Time since last request: 0.000014 seconds.
  path: Assets/ArtRes/UI/icon/主角装备/暂代资源/10.png
  artifactKey: Guid(84a9a532685647549a1cbdc3c5405cb2) Importer(815301076,1909f56bfc062723c751e8b465ee728b)
Start importing Assets/ArtRes/UI/icon/主角装备/暂代资源/10.png using Guid(84a9a532685647549a1cbdc3c5405cb2) Importer(815301076,1909f56bfc062723c751e8b465ee728b) [PhysX] Initialized MultithreadedTaskDispatcher with 12 workers.
[PhysX] Initialized MultithreadedTaskDispatcher with 12 workers.
 -> (artifact id: '561f0778e045694e98431f6f9329722d') in 0.004011 seconds
Number of updated asset objects reloaded before import = 0
Number of asset objects unloaded after import = 2
========================================================================
Received Import Request.
  Time since last request: 0.023075 seconds.
  path: Assets/ArtRes/UI/icon/主角技能/法师技能/附带ID技能资源/10_43010010.png
  artifactKey: Guid(84b2b6a884242f748a5435e6139ff595) Importer(815301076,1909f56bfc062723c751e8b465ee728b)
Start importing Assets/ArtRes/UI/icon/主角技能/法师技能/附带ID技能资源/10_43010010.png using Guid(84b2b6a884242f748a5435e6139ff595) Importer(815301076,1909f56bfc062723c751e8b465ee728b) [PhysX] Initialized MultithreadedTaskDispatcher with 12 workers.
[PhysX] Initialized MultithreadedTaskDispatcher with 12 workers.
 -> (artifact id: 'e6a748b2c582efb86ec464f7590ca665') in 0.003548 seconds
Number of updated asset objects reloaded before import = 0
Number of asset objects unloaded after import = 2
========================================================================
Received Import Request.
  Time since last request: 0.000010 seconds.
  path: Assets/ArtRes/UI/icon/主角技能/BUFF图标/BUFF图标（64）/增益/10_47000010.png
  artifactKey: Guid(cd6e3d0c0e88d9c4b98c79fb0dca7d23) Importer(815301076,1909f56bfc062723c751e8b465ee728b)
Start importing Assets/ArtRes/UI/icon/主角技能/BUFF图标/BUFF图标（64）/增益/10_47000010.png using Guid(cd6e3d0c0e88d9c4b98c79fb0dca7d23) Importer(815301076,1909f56bfc062723c751e8b465ee728b) [PhysX] Initialized MultithreadedTaskDispatcher with 12 workers.
[PhysX] Initialized MultithreadedTaskDispatcher with 12 workers.
 -> (artifact id: '8b76dcccd50901b2936496f0a17d4e40') in 0.003522 seconds
Number of updated asset objects reloaded before import = 0
Number of asset objects unloaded after import = 2
========================================================================
Received Import Request.
  Time since last request: 0.026162 seconds.
  path: Assets/ArtRes/UI/icon/主角装备/法师/3级法师/11_22310011.png
  artifactKey: Guid(da4fa2b128a6a664c88ef86e61c0c678) Importer(815301076,1909f56bfc062723c751e8b465ee728b)
Start importing Assets/ArtRes/UI/icon/主角装备/法师/3级法师/11_22310011.png using Guid(da4fa2b128a6a664c88ef86e61c0c678) Importer(815301076,1909f56bfc062723c751e8b465ee728b) [PhysX] Initialized MultithreadedTaskDispatcher with 12 workers.
[PhysX] Initialized MultithreadedTaskDispatcher with 12 workers.
 -> (artifact id: 'f1af5afbdb20bd9e9ae862283fdd1fa8') in 0.003418 seconds
Number of updated asset objects reloaded before import = 0
Number of asset objects unloaded after import = 2
========================================================================
Received Import Request.
  Time since last request: 0.000015 seconds.
  path: Assets/ArtRes/UI/icon/宠物技能/带图集ID资源/11_44110011.png
  artifactKey: Guid(24d5704f3cc87c14ba79c464cdfd1bba) Importer(815301076,1909f56bfc062723c751e8b465ee728b)
Start importing Assets/ArtRes/UI/icon/宠物技能/带图集ID资源/11_44110011.png using Guid(24d5704f3cc87c14ba79c464cdfd1bba) Importer(815301076,1909f56bfc062723c751e8b465ee728b) [PhysX] Initialized MultithreadedTaskDispatcher with 12 workers.
[PhysX] Initialized MultithreadedTaskDispatcher with 12 workers.
 -> (artifact id: '162c0428c96dc08080d8af3144140bb0') in 0.003978 seconds
Number of updated asset objects reloaded before import = 0
Number of asset objects unloaded after import = 2
========================================================================
Received Import Request.
  Time since last request: 0.000013 seconds.
  path: Assets/ArtRes/UI/icon/主角技能/BUFF图标/BUFF图标（64）/增益/11_47000011.png
  artifactKey: Guid(c3bcc39aab8dcdd46892c40ff8103fb3) Importer(815301076,1909f56bfc062723c751e8b465ee728b)
Start importing Assets/ArtRes/UI/icon/主角技能/BUFF图标/BUFF图标（64）/增益/11_47000011.png using Guid(c3bcc39aab8dcdd46892c40ff8103fb3) Importer(815301076,1909f56bfc062723c751e8b465ee728b) [PhysX] Initialized MultithreadedTaskDispatcher with 12 workers.
[PhysX] Initialized MultithreadedTaskDispatcher with 12 workers.
 -> (artifact id: '08bba64a491accdd47ad749adfb3ca75') in 0.003979 seconds
Number of updated asset objects reloaded before import = 0
Number of asset objects unloaded after import = 2
========================================================================
Received Import Request.
  Time since last request: 1.019716 seconds.
  path: Assets/ArtRes/UI/icon/怪物头像/12_12000012.png
  artifactKey: Guid(f191b21b43d653542a204602e91968d1) Importer(815301076,1909f56bfc062723c751e8b465ee728b)
Start importing Assets/ArtRes/UI/icon/怪物头像/12_12000012.png using Guid(f191b21b43d653542a204602e91968d1) Importer(815301076,1909f56bfc062723c751e8b465ee728b) [PhysX] Initialized MultithreadedTaskDispatcher with 12 workers.
[PhysX] Initialized MultithreadedTaskDispatcher with 12 workers.
 -> (artifact id: 'f4f43e7e372310542d8276d181c26e77') in 0.003953 seconds
Number of updated asset objects reloaded before import = 0
Number of asset objects unloaded after import = 2
========================================================================
Received Import Request.
  Time since last request: 0.000017 seconds.
  path: Assets/ArtRes/UI/icon/主角装备/法师/3级法师/12_22320012.png
  artifactKey: Guid(1e1173081bf6bb9448e27f0534fad3ba) Importer(815301076,1909f56bfc062723c751e8b465ee728b)
Start importing Assets/ArtRes/UI/icon/主角装备/法师/3级法师/12_22320012.png using Guid(1e1173081bf6bb9448e27f0534fad3ba) Importer(815301076,1909f56bfc062723c751e8b465ee728b) [PhysX] Initialized MultithreadedTaskDispatcher with 12 workers.
[PhysX] Initialized MultithreadedTaskDispatcher with 12 workers.
 -> (artifact id: 'd21be4cf7be09c5b2811e94373c1fb9a') in 0.004578 seconds
Number of updated asset objects reloaded before import = 0
Number of asset objects unloaded after import = 2
========================================================================
Received Import Request.
  Time since last request: 0.040352 seconds.
  path: Assets/ArtRes/UI/icon/主角技能/BUFF图标/BUFF图标（64）/图集/12_47050012.png
  artifactKey: Guid(f91906e8cb67636459114c3f3d6e7403) Importer(815301076,1909f56bfc062723c751e8b465ee728b)
Start importing Assets/ArtRes/UI/icon/主角技能/BUFF图标/BUFF图标（64）/图集/12_47050012.png using Guid(f91906e8cb67636459114c3f3d6e7403) Importer(815301076,1909f56bfc062723c751e8b465ee728b) [PhysX] Initialized MultithreadedTaskDispatcher with 12 workers.
[PhysX] Initialized MultithreadedTaskDispatcher with 12 workers.
 -> (artifact id: 'ba2beb5711f238d90a63d42c9f088661') in 0.003937 seconds
Number of updated asset objects reloaded before import = 0
Number of asset objects unloaded after import = 2
========================================================================
Received Import Request.
  Time since last request: 0.000013 seconds.
  path: Assets/ArtRes/UI/icon/主角技能/弓手技能/附带ID技能图标/13_42010013.png
  artifactKey: Guid(617277b66007386418f6fc48accc2e1e) Importer(815301076,1909f56bfc062723c751e8b465ee728b)
Start importing Assets/ArtRes/UI/icon/主角技能/弓手技能/附带ID技能图标/13_42010013.png using Guid(617277b66007386418f6fc48accc2e1e) Importer(815301076,1909f56bfc062723c751e8b465ee728b) [PhysX] Initialized MultithreadedTaskDispatcher with 12 workers.
[PhysX] Initialized MultithreadedTaskDispatcher with 12 workers.
 -> (artifact id: 'c7fe1c8b6939c96f604732624885d8f1') in 0.004752 seconds
Number of updated asset objects reloaded before import = 0
Number of asset objects unloaded after import = 2
========================================================================
Received Import Request.
  Time since last request: 0.040223 seconds.
  path: Assets/ArtRes/UI/icon/主角技能/BUFF图标/BUFF图标（64）/增益/13_47000013.png
  artifactKey: Guid(71739de5cab888941a649ce6cc33a63d) Importer(815301076,1909f56bfc062723c751e8b465ee728b)
Start importing Assets/ArtRes/UI/icon/主角技能/BUFF图标/BUFF图标（64）/增益/13_47000013.png using Guid(71739de5cab888941a649ce6cc33a63d) Importer(815301076,1909f56bfc062723c751e8b465ee728b) [PhysX] Initialized MultithreadedTaskDispatcher with 12 workers.
[PhysX] Initialized MultithreadedTaskDispatcher with 12 workers.
 -> (artifact id: 'af439da448ce1e3e17d6eab24ca7669e') in 0.003653 seconds
Number of updated asset objects reloaded before import = 0
Number of asset objects unloaded after import = 2
========================================================================
Received Import Request.
  Time since last request: 0.000011 seconds.
  path: Assets/ArtRes/UI/icon/主角装备/暂代资源/14.png
  artifactKey: Guid(b6ec2b7c6effe5648bba19460f2b9711) Importer(815301076,1909f56bfc062723c751e8b465ee728b)
Start importing Assets/ArtRes/UI/icon/主角装备/暂代资源/14.png using Guid(b6ec2b7c6effe5648bba19460f2b9711) Importer(815301076,1909f56bfc062723c751e8b465ee728b) [PhysX] Initialized MultithreadedTaskDispatcher with 12 workers.
[PhysX] Initialized MultithreadedTaskDispatcher with 12 workers.
 -> (artifact id: 'd6623399ae013665b3f43c11435b6250') in 0.030995 seconds
Number of updated asset objects reloaded before import = 0
Number of asset objects unloaded after import = 2
========================================================================
Received Import Request.
  Time since last request: 0.976760 seconds.
  path: Assets/ArtRes/UI/icon/道具图标/宠物/装备/14_35100014.png
  artifactKey: Guid(f71f819e038a97141af41bb0a1f7686a) Importer(815301076,1909f56bfc062723c751e8b465ee728b)
Start importing Assets/ArtRes/UI/icon/道具图标/宠物/装备/14_35100014.png using Guid(f71f819e038a97141af41bb0a1f7686a) Importer(815301076,1909f56bfc062723c751e8b465ee728b) [PhysX] Initialized MultithreadedTaskDispatcher with 12 workers.
[PhysX] Initialized MultithreadedTaskDispatcher with 12 workers.
 -> (artifact id: '340972978e5c1757794f351b73ee4d17') in 0.003650 seconds
Number of updated asset objects reloaded before import = 0
Number of asset objects unloaded after import = 2
========================================================================
Received Import Request.
  Time since last request: 0.000013 seconds.
  path: Assets/ArtRes/UI/icon/主角技能/BUFF图标/BUFF图标（64）/图集/14_47050014.png
  artifactKey: Guid(cadd5c015d19afb468694d8fd63defe4) Importer(815301076,1909f56bfc062723c751e8b465ee728b)
Start importing Assets/ArtRes/UI/icon/主角技能/BUFF图标/BUFF图标（64）/图集/14_47050014.png using Guid(cadd5c015d19afb468694d8fd63defe4) Importer(815301076,1909f56bfc062723c751e8b465ee728b) [PhysX] Initialized MultithreadedTaskDispatcher with 12 workers.
[PhysX] Initialized MultithreadedTaskDispatcher with 12 workers.
 -> (artifact id: 'a68595ba2fc09e7f8b76c2f8d9b07794') in 0.003928 seconds
Number of updated asset objects reloaded before import = 0
Number of asset objects unloaded after import = 2
========================================================================
Received Import Request.
  Time since last request: 0.037148 seconds.
  path: Assets/ArtRes/UI/icon/主角装备/法师/3级法师/15_22330015.png
  artifactKey: Guid(3d08d1163399c83479b3cd4a76db4d41) Importer(815301076,1909f56bfc062723c751e8b465ee728b)
Start importing Assets/ArtRes/UI/icon/主角装备/法师/3级法师/15_22330015.png using Guid(3d08d1163399c83479b3cd4a76db4d41) Importer(815301076,1909f56bfc062723c751e8b465ee728b) [PhysX] Initialized MultithreadedTaskDispatcher with 12 workers.
[PhysX] Initialized MultithreadedTaskDispatcher with 12 workers.
 -> (artifact id: '39d2066f960bcbaa8a548da88843e7c6') in 0.005262 seconds
Number of updated asset objects reloaded before import = 0
Number of asset objects unloaded after import = 2
========================================================================
Received Import Request.
  Time since last request: 0.000013 seconds.
  path: Assets/ArtRes/UI/icon/宠物装备/15_35100015.png
  artifactKey: Guid(f2561a9b3d8d8a74fa2dc913fb53c480) Importer(815301076,1909f56bfc062723c751e8b465ee728b)
Start importing Assets/ArtRes/UI/icon/宠物装备/15_35100015.png using Guid(f2561a9b3d8d8a74fa2dc913fb53c480) Importer(815301076,1909f56bfc062723c751e8b465ee728b) [PhysX] Initialized MultithreadedTaskDispatcher with 12 workers.
[PhysX] Initialized MultithreadedTaskDispatcher with 12 workers.
 -> (artifact id: '9f8b3ef0f36ec7b95f0457c5a16c83d4') in 0.009200 seconds
Number of updated asset objects reloaded before import = 0
Number of asset objects unloaded after import = 2
========================================================================
Received Import Request.
  Time since last request: 0.550864 seconds.
  path: Assets/ArtRes/UI/icon/主角技能/BUFF图标/BUFF图标（64）/图集/15_47050015.png
  artifactKey: Guid(20d391b12df5f1a40b60ddc9707c25c9) Importer(815301076,1909f56bfc062723c751e8b465ee728b)
Start importing Assets/ArtRes/UI/icon/主角技能/BUFF图标/BUFF图标（64）/图集/15_47050015.png using Guid(20d391b12df5f1a40b60ddc9707c25c9) Importer(815301076,1909f56bfc062723c751e8b465ee728b) [PhysX] Initialized MultithreadedTaskDispatcher with 12 workers.
[PhysX] Initialized MultithreadedTaskDispatcher with 12 workers.
 -> (artifact id: 'ed66daf8712ab578a399f750a1b3e9d1') in 0.009463 seconds
Number of updated asset objects reloaded before import = 0
Number of asset objects unloaded after import = 2
========================================================================
Received Import Request.
  Time since last request: 0.000012 seconds.
  path: Assets/ArtRes/UI/icon/主角装备/暂代资源/16.png
  artifactKey: Guid(cad250be68a4a3f4f9f3846962742004) Importer(815301076,1909f56bfc062723c751e8b465ee728b)
Start importing Assets/ArtRes/UI/icon/主角装备/暂代资源/16.png using Guid(cad250be68a4a3f4f9f3846962742004) Importer(815301076,1909f56bfc062723c751e8b465ee728b) [PhysX] Initialized MultithreadedTaskDispatcher with 12 workers.
[PhysX] Initialized MultithreadedTaskDispatcher with 12 workers.
 -> (artifact id: 'c59d72a29b6f06a209d11def4b17331d') in 0.013695 seconds
Number of updated asset objects reloaded before import = 0
Number of asset objects unloaded after import = 2
========================================================================
Received Import Request.
  Time since last request: 0.023589 seconds.
  path: Assets/ArtRes/UI/icon/宠物技能/带图集ID资源/16_44110016.png
  artifactKey: Guid(d59e48a51834e2a448182aaf950cbb05) Importer(815301076,1909f56bfc062723c751e8b465ee728b)
Start importing Assets/ArtRes/UI/icon/宠物技能/带图集ID资源/16_44110016.png using Guid(d59e48a51834e2a448182aaf950cbb05) Importer(815301076,1909f56bfc062723c751e8b465ee728b) [PhysX] Initialized MultithreadedTaskDispatcher with 12 workers.
[PhysX] Initialized MultithreadedTaskDispatcher with 12 workers.
 -> (artifact id: 'bab8aee41524a17b86bb93d176515f7d') in 0.004902 seconds
Number of updated asset objects reloaded before import = 0
Number of asset objects unloaded after import = 2
========================================================================
Received Import Request.
  Time since last request: 0.000012 seconds.
  path: Assets/ArtRes/UI/icon/怪物头像/17_12000017.png
  artifactKey: Guid(8bfa95dd8c53dc74eae6205cdadddc96) Importer(815301076,1909f56bfc062723c751e8b465ee728b)
Start importing Assets/ArtRes/UI/icon/怪物头像/17_12000017.png using Guid(8bfa95dd8c53dc74eae6205cdadddc96) Importer(815301076,1909f56bfc062723c751e8b465ee728b) [PhysX] Initialized MultithreadedTaskDispatcher with 12 workers.
[PhysX] Initialized MultithreadedTaskDispatcher with 12 workers.
 -> (artifact id: '476e45d68a225c4916b44112b845c3c7') in 0.004749 seconds
Number of updated asset objects reloaded before import = 0
Number of asset objects unloaded after import = 2
========================================================================
Received Import Request.
  Time since last request: 0.000012 seconds.
  path: Assets/ArtRes/UI/icon/主角技能/弓手技能/17_42010017.png
  artifactKey: Guid(a1b16e1107307954d969587b54018527) Importer(815301076,1909f56bfc062723c751e8b465ee728b)
Start importing Assets/ArtRes/UI/icon/主角技能/弓手技能/17_42010017.png using Guid(a1b16e1107307954d969587b54018527) Importer(815301076,1909f56bfc062723c751e8b465ee728b) [PhysX] Initialized MultithreadedTaskDispatcher with 12 workers.
[PhysX] Initialized MultithreadedTaskDispatcher with 12 workers.
 -> (artifact id: '90553e1d4c12f25dea2601fe9de08c20') in 0.006632 seconds
Number of updated asset objects reloaded before import = 0
Number of asset objects unloaded after import = 2
========================================================================
Received Import Request.
  Time since last request: 0.000015 seconds.
  path: Assets/ArtRes/UI/icon/主角技能/弓手技能/附带ID技能图标/17_42010017.png
  artifactKey: Guid(5287797d1af8f9e42af911752b774b0b) Importer(815301076,1909f56bfc062723c751e8b465ee728b)
Start importing Assets/ArtRes/UI/icon/主角技能/弓手技能/附带ID技能图标/17_42010017.png using Guid(5287797d1af8f9e42af911752b774b0b) Importer(815301076,1909f56bfc062723c751e8b465ee728b) [PhysX] Initialized MultithreadedTaskDispatcher with 12 workers.
[PhysX] Initialized MultithreadedTaskDispatcher with 12 workers.
 -> (artifact id: 'c91f3d19de7177b722d5043337778b27') in 0.004531 seconds
Number of updated asset objects reloaded before import = 0
Number of asset objects unloaded after import = 2
========================================================================
Received Import Request.
  Time since last request: 0.000027 seconds.
  path: Assets/ArtRes/UI/icon/主角技能/BUFF图标/BUFF图标（64）/减益/17_47000017.png
  artifactKey: Guid(6db36dfbe63ccbc45bc0dafefeba27d0) Importer(815301076,1909f56bfc062723c751e8b465ee728b)
Start importing Assets/ArtRes/UI/icon/主角技能/BUFF图标/BUFF图标（64）/减益/17_47000017.png using Guid(6db36dfbe63ccbc45bc0dafefeba27d0) Importer(815301076,1909f56bfc062723c751e8b465ee728b) [PhysX] Initialized MultithreadedTaskDispatcher with 12 workers.
[PhysX] Initialized MultithreadedTaskDispatcher with 12 workers.
 -> (artifact id: 'd26f6e39da4a3d32e6daecf80c0c4306') in 0.015783 seconds
Number of updated asset objects reloaded before import = 0
Number of asset objects unloaded after import = 2
========================================================================
Received Import Request.
  Time since last request: 0.005562 seconds.
  path: Assets/ArtRes/UI/icon/道具图标/宠物/装备/18_35100018.png
  artifactKey: Guid(c784ed3c3b9b1914094e856cf6e0e52b) Importer(815301076,1909f56bfc062723c751e8b465ee728b)
Start importing Assets/ArtRes/UI/icon/道具图标/宠物/装备/18_35100018.png using Guid(c784ed3c3b9b1914094e856cf6e0e52b) Importer(815301076,1909f56bfc062723c751e8b465ee728b) [PhysX] Initialized MultithreadedTaskDispatcher with 12 workers.
[PhysX] Initialized MultithreadedTaskDispatcher with 12 workers.
 -> (artifact id: '5a0c5cd7e350f2518935af8a9d5e1dca') in 0.016052 seconds
Number of updated asset objects reloaded before import = 0
Number of asset objects unloaded after import = 2
========================================================================
Received Import Request.
  Time since last request: 0.313831 seconds.
  path: Assets/ArtRes/UI/icon/怪物头像/19_12000019.png
  artifactKey: Guid(6a7642cc4021dc34a8fb437390ebe658) Importer(815301076,1909f56bfc062723c751e8b465ee728b)
Start importing Assets/ArtRes/UI/icon/怪物头像/19_12000019.png using Guid(6a7642cc4021dc34a8fb437390ebe658) Importer(815301076,1909f56bfc062723c751e8b465ee728b) [PhysX] Initialized MultithreadedTaskDispatcher with 12 workers.
[PhysX] Initialized MultithreadedTaskDispatcher with 12 workers.
 -> (artifact id: 'fd998f77158868ef54aa70a5182f3106') in 0.004396 seconds
Number of updated asset objects reloaded before import = 0
Number of asset objects unloaded after import = 2
========================================================================
Received Import Request.
  Time since last request: 0.000012 seconds.
  path: Assets/ArtRes/UI/icon/主角技能/弓手技能/19_42020019.png
  artifactKey: Guid(e230315bd07b66c4193cfdcd015182c9) Importer(815301076,1909f56bfc062723c751e8b465ee728b)
Start importing Assets/ArtRes/UI/icon/主角技能/弓手技能/19_42020019.png using Guid(e230315bd07b66c4193cfdcd015182c9) Importer(815301076,1909f56bfc062723c751e8b465ee728b) [PhysX] Initialized MultithreadedTaskDispatcher with 12 workers.
[PhysX] Initialized MultithreadedTaskDispatcher with 12 workers.
 -> (artifact id: 'dc30036f5cafd928dac6044a4788ac31') in 0.011862 seconds
Number of updated asset objects reloaded before import = 0
Number of asset objects unloaded after import = 2
========================================================================
Received Import Request.
  Time since last request: 0.025767 seconds.
  path: Assets/ArtRes/UI/icon/主角装备/暂代资源/20.png
  artifactKey: Guid(4c89b73fd23fd6e42abdfcf2214f1d0f) Importer(815301076,1909f56bfc062723c751e8b465ee728b)
Start importing Assets/ArtRes/UI/icon/主角装备/暂代资源/20.png using Guid(4c89b73fd23fd6e42abdfcf2214f1d0f) Importer(815301076,1909f56bfc062723c751e8b465ee728b) [PhysX] Initialized MultithreadedTaskDispatcher with 12 workers.
[PhysX] Initialized MultithreadedTaskDispatcher with 12 workers.
 -> (artifact id: 'f771252528321d08405ce7363eaccbae') in 0.005138 seconds
Number of updated asset objects reloaded before import = 0
Number of asset objects unloaded after import = 2
========================================================================
Received Import Request.
  Time since last request: 0.000015 seconds.
  path: Assets/ArtRes/UI/icon/主角技能/弓手技能/附带ID技能图标/20_42010020.png
  artifactKey: Guid(f9529ade0ef75e7448d1f40e9d8bed9d) Importer(815301076,1909f56bfc062723c751e8b465ee728b)
Start importing Assets/ArtRes/UI/icon/主角技能/弓手技能/附带ID技能图标/20_42010020.png using Guid(f9529ade0ef75e7448d1f40e9d8bed9d) Importer(815301076,1909f56bfc062723c751e8b465ee728b) [PhysX] Initialized MultithreadedTaskDispatcher with 12 workers.
[PhysX] Initialized MultithreadedTaskDispatcher with 12 workers.
 -> (artifact id: 'd4951c97653bcfd08c3d5dd250eefc12') in 0.005515 seconds
Number of updated asset objects reloaded before import = 0
Number of asset objects unloaded after import = 2
========================================================================
Received Import Request.
  Time since last request: 0.000013 seconds.
  path: Assets/ArtRes/UI/icon/主角装备/暂代资源/22.png
  artifactKey: Guid(b8d05f3e0b164954e9749ba8fc992ec5) Importer(815301076,1909f56bfc062723c751e8b465ee728b)
Start importing Assets/ArtRes/UI/icon/主角装备/暂代资源/22.png using Guid(b8d05f3e0b164954e9749ba8fc992ec5) Importer(815301076,1909f56bfc062723c751e8b465ee728b) [PhysX] Initialized MultithreadedTaskDispatcher with 12 workers.
[PhysX] Initialized MultithreadedTaskDispatcher with 12 workers.
 -> (artifact id: 'd62bb28339512a259f8ae8ff11a8c61d') in 0.005294 seconds
Number of updated asset objects reloaded before import = 0
Number of asset objects unloaded after import = 2
========================================================================
Received Import Request.
  Time since last request: 0.000012 seconds.
  path: Assets/ArtRes/UI/icon/主角装备/暂代资源/21.png
  artifactKey: Guid(2135ee0f1c36063438bfa9fad56b0c76) Importer(815301076,1909f56bfc062723c751e8b465ee728b)
Start importing Assets/ArtRes/UI/icon/主角装备/暂代资源/21.png using Guid(2135ee0f1c36063438bfa9fad56b0c76) Importer(815301076,1909f56bfc062723c751e8b465ee728b) [PhysX] Initialized MultithreadedTaskDispatcher with 12 workers.
[PhysX] Initialized MultithreadedTaskDispatcher with 12 workers.
 -> (artifact id: 'df498a568b215fea9927d251985dabff') in 0.004486 seconds
Number of updated asset objects reloaded before import = 0
Number of asset objects unloaded after import = 2
========================================================================
Received Import Request.
  Time since last request: 0.000013 seconds.
  path: Assets/ArtRes/UI/icon/主角技能/弓手技能/附带ID技能图标/21_42010021.png
  artifactKey: Guid(654b28b857db9a246a58d56fef29ab64) Importer(815301076,1909f56bfc062723c751e8b465ee728b)
Start importing Assets/ArtRes/UI/icon/主角技能/弓手技能/附带ID技能图标/21_42010021.png using Guid(654b28b857db9a246a58d56fef29ab64) Importer(815301076,1909f56bfc062723c751e8b465ee728b) [PhysX] Initialized MultithreadedTaskDispatcher with 12 workers.
[PhysX] Initialized MultithreadedTaskDispatcher with 12 workers.
 -> (artifact id: '2351f272afd0028dc5bf39c0f6e91fdb') in 0.003961 seconds
Number of updated asset objects reloaded before import = 0
Number of asset objects unloaded after import = 2
========================================================================
Received Import Request.
  Time since last request: 0.262484 seconds.
  path: Assets/ArtRes/UI/icon/道具图标/主角装备/翅膀强化/22_32100022.png
  artifactKey: Guid(9deab04f9e7034749960ad6147e9cb9e) Importer(815301076,1909f56bfc062723c751e8b465ee728b)
Start importing Assets/ArtRes/UI/icon/道具图标/主角装备/翅膀强化/22_32100022.png using Guid(9deab04f9e7034749960ad6147e9cb9e) Importer(815301076,1909f56bfc062723c751e8b465ee728b) [PhysX] Initialized MultithreadedTaskDispatcher with 12 workers.
[PhysX] Initialized MultithreadedTaskDispatcher with 12 workers.
 -> (artifact id: '7c04743c48bae9fe04db051833629064') in 0.004374 seconds
Number of updated asset objects reloaded before import = 0
Number of asset objects unloaded after import = 2
========================================================================
Received Import Request.
  Time since last request: 0.000015 seconds.
  path: Assets/ArtRes/UI/icon/主角装备/暂代资源/23.png
  artifactKey: Guid(39ed7b2d4577eec438308301846648ac) Importer(815301076,1909f56bfc062723c751e8b465ee728b)
Start importing Assets/ArtRes/UI/icon/主角装备/暂代资源/23.png using Guid(39ed7b2d4577eec438308301846648ac) Importer(815301076,1909f56bfc062723c751e8b465ee728b) [PhysX] Initialized MultithreadedTaskDispatcher with 12 workers.
[PhysX] Initialized MultithreadedTaskDispatcher with 12 workers.
 -> (artifact id: '67e86ea65a2ae5d5abfa55ebc72748b6') in 0.012325 seconds
Number of updated asset objects reloaded before import = 0
Number of asset objects unloaded after import = 2
========================================================================
Received Import Request.
  Time since last request: 0.024659 seconds.
  path: Assets/ArtRes/UI/icon/主角装备/战士/5级战士/23_22130023.png
  artifactKey: Guid(e5c93a51810bb1e4189d3e9966733fc4) Importer(815301076,1909f56bfc062723c751e8b465ee728b)
Start importing Assets/ArtRes/UI/icon/主角装备/战士/5级战士/23_22130023.png using Guid(e5c93a51810bb1e4189d3e9966733fc4) Importer(815301076,1909f56bfc062723c751e8b465ee728b) [PhysX] Initialized MultithreadedTaskDispatcher with 12 workers.
[PhysX] Initialized MultithreadedTaskDispatcher with 12 workers.
 -> (artifact id: '782d4782abd3a5fd08e43de62c9a4edf') in 0.005609 seconds
Number of updated asset objects reloaded before import = 0
Number of asset objects unloaded after import = 2
========================================================================
Received Import Request.
  Time since last request: 0.000012 seconds.
  path: Assets/ArtRes/UI/icon/主角装备/暂代资源/24.png
  artifactKey: Guid(35d5fe7a1d26fee4391889576c3dd836) Importer(815301076,1909f56bfc062723c751e8b465ee728b)
Start importing Assets/ArtRes/UI/icon/主角装备/暂代资源/24.png using Guid(35d5fe7a1d26fee4391889576c3dd836) Importer(815301076,1909f56bfc062723c751e8b465ee728b) [PhysX] Initialized MultithreadedTaskDispatcher with 12 workers.
[PhysX] Initialized MultithreadedTaskDispatcher with 12 workers.
 -> (artifact id: '8ed2771a621d8f8423dc06b9fe20c5a2') in 0.006063 seconds
Number of updated asset objects reloaded before import = 0
Number of asset objects unloaded after import = 2
========================================================================
Received Import Request.
  Time since last request: 0.000014 seconds.
  path: Assets/ArtRes/UI/icon/宠物技能/带图集ID资源/23_44110023.png
  artifactKey: Guid(319b1d4bbbb02644bac67fbb937c7998) Importer(815301076,1909f56bfc062723c751e8b465ee728b)
Start importing Assets/ArtRes/UI/icon/宠物技能/带图集ID资源/23_44110023.png using Guid(319b1d4bbbb02644bac67fbb937c7998) Importer(815301076,1909f56bfc062723c751e8b465ee728b) [PhysX] Initialized MultithreadedTaskDispatcher with 12 workers.
[PhysX] Initialized MultithreadedTaskDispatcher with 12 workers.
 -> (artifact id: '7ee2a1552a7fe7e1740ed8e05027b5a4') in 0.010929 seconds
Number of updated asset objects reloaded before import = 0
Number of asset objects unloaded after import = 2
========================================================================
Received Import Request.
  Time since last request: 0.000013 seconds.
  path: Assets/ArtRes/UI/icon/主角头像/82/24_11200002.png
  artifactKey: Guid(4658444e255f50543935e975bd9a43ec) Importer(815301076,1909f56bfc062723c751e8b465ee728b)
Start importing Assets/ArtRes/UI/icon/主角头像/82/24_11200002.png using Guid(4658444e255f50543935e975bd9a43ec) Importer(815301076,1909f56bfc062723c751e8b465ee728b) [PhysX] Initialized MultithreadedTaskDispatcher with 12 workers.
[PhysX] Initialized MultithreadedTaskDispatcher with 12 workers.
 -> (artifact id: '18a2b88318d1212681cb4e879d5e9d54') in 0.003752 seconds
Number of updated asset objects reloaded before import = 0
Number of asset objects unloaded after import = 2
========================================================================
Received Import Request.
  Time since last request: 0.000012 seconds.
  path: Assets/ArtRes/UI/icon/主角头像/82/25_11300003.png
  artifactKey: Guid(e498e4380841f6542b4005919bddf0fc) Importer(815301076,1909f56bfc062723c751e8b465ee728b)
Start importing Assets/ArtRes/UI/icon/主角头像/82/25_11300003.png using Guid(e498e4380841f6542b4005919bddf0fc) Importer(815301076,1909f56bfc062723c751e8b465ee728b) [PhysX] Initialized MultithreadedTaskDispatcher with 12 workers.
[PhysX] Initialized MultithreadedTaskDispatcher with 12 workers.
 -> (artifact id: 'bf632d101d9ed259a5c3efd4fbbb4c00') in 0.003858 seconds
Number of updated asset objects reloaded before import = 0
Number of asset objects unloaded after import = 2
========================================================================
Received Import Request.
  Time since last request: 0.015265 seconds.
  path: Assets/ArtRes/UI/icon/主角装备/战士/5级战士/25_22110025.png
  artifactKey: Guid(097dab4b23f804144bf0cfac70403b23) Importer(815301076,1909f56bfc062723c751e8b465ee728b)
Start importing Assets/ArtRes/UI/icon/主角装备/战士/5级战士/25_22110025.png using Guid(097dab4b23f804144bf0cfac70403b23) Importer(815301076,1909f56bfc062723c751e8b465ee728b) [PhysX] Initialized MultithreadedTaskDispatcher with 12 workers.
[PhysX] Initialized MultithreadedTaskDispatcher with 12 workers.
 -> (artifact id: '7e5f616f7b42efe3e6ab6bccbdda538d') in 0.003805 seconds
Number of updated asset objects reloaded before import = 0
Number of asset objects unloaded after import = 2
========================================================================
Received Import Request.
  Time since last request: 0.000012 seconds.
  path: Assets/ArtRes/UI/icon/宠物技能/带图集ID资源/25_44110025.png
  artifactKey: Guid(395a45018f69ee64886aac617bdc1b83) Importer(815301076,1909f56bfc062723c751e8b465ee728b)
Start importing Assets/ArtRes/UI/icon/宠物技能/带图集ID资源/25_44110025.png using Guid(395a45018f69ee64886aac617bdc1b83) Importer(815301076,1909f56bfc062723c751e8b465ee728b) [PhysX] Initialized MultithreadedTaskDispatcher with 12 workers.
[PhysX] Initialized MultithreadedTaskDispatcher with 12 workers.
 -> (artifact id: '66833fd7720a3eaaa98624103649bcb9') in 0.008158 seconds
Number of updated asset objects reloaded before import = 0
Number of asset objects unloaded after import = 2
========================================================================
Received Import Request.
  Time since last request: 0.225803 seconds.
  path: Assets/ArtRes/UI/icon/道具图标/宠物/碎片/26_14100026.png
  artifactKey: Guid(55149d8068092c44099b994850ce6509) Importer(815301076,1909f56bfc062723c751e8b465ee728b)
Start importing Assets/ArtRes/UI/icon/道具图标/宠物/碎片/26_14100026.png using Guid(55149d8068092c44099b994850ce6509) Importer(815301076,1909f56bfc062723c751e8b465ee728b) [PhysX] Initialized MultithreadedTaskDispatcher with 12 workers.
[PhysX] Initialized MultithreadedTaskDispatcher with 12 workers.
 -> (artifact id: '47238a452519cbf6760858b65f9f926a') in 0.004208 seconds
Number of updated asset objects reloaded before import = 0
Number of asset objects unloaded after import = 2
========================================================================
Received Import Request.
  Time since last request: 0.000013 seconds.
  path: Assets/ArtRes/UI/icon/主角技能/战士技能/附带ID技能图标/26_41010026.png
  artifactKey: Guid(40b7057bcbc29b847b27a4c63514b942) Importer(815301076,1909f56bfc062723c751e8b465ee728b)
Start importing Assets/ArtRes/UI/icon/主角技能/战士技能/附带ID技能图标/26_41010026.png using Guid(40b7057bcbc29b847b27a4c63514b942) Importer(815301076,1909f56bfc062723c751e8b465ee728b) [PhysX] Initialized MultithreadedTaskDispatcher with 12 workers.
[PhysX] Initialized MultithreadedTaskDispatcher with 12 workers.
 -> (artifact id: '4f70311317cd976972014e41e062ce40') in 0.004253 seconds
Number of updated asset objects reloaded before import = 0
Number of asset objects unloaded after import = 2
========================================================================
Received Import Request.
  Time since last request: 0.022216 seconds.
  path: Assets/ArtRes/UI/icon/道具图标/消耗品/扫荡券/27_32100027.png
  artifactKey: Guid(0de4514c17ec72549bb6eccd65236984) Importer(815301076,1909f56bfc062723c751e8b465ee728b)
Start importing Assets/ArtRes/UI/icon/道具图标/消耗品/扫荡券/27_32100027.png using Guid(0de4514c17ec72549bb6eccd65236984) Importer(815301076,1909f56bfc062723c751e8b465ee728b) [PhysX] Initialized MultithreadedTaskDispatcher with 12 workers.
[PhysX] Initialized MultithreadedTaskDispatcher with 12 workers.
 -> (artifact id: '50296c97dc3bb297464243f49602eaa0') in 0.010691 seconds
Number of updated asset objects reloaded before import = 0
Number of asset objects unloaded after import = 2
========================================================================
Received Import Request.
  Time since last request: 0.000014 seconds.
  path: Assets/ArtRes/UI/icon/主角技能/战士技能/27_41010027.png
  artifactKey: Guid(a078819e753bb5f4ebdf557e758a0ecf) Importer(815301076,1909f56bfc062723c751e8b465ee728b)
Start importing Assets/ArtRes/UI/icon/主角技能/战士技能/27_41010027.png using Guid(a078819e753bb5f4ebdf557e758a0ecf) Importer(815301076,1909f56bfc062723c751e8b465ee728b) [PhysX] Initialized MultithreadedTaskDispatcher with 12 workers.
[PhysX] Initialized MultithreadedTaskDispatcher with 12 workers.
 -> (artifact id: '55feca0252a3e865b673112685c27a09') in 0.003894 seconds
Number of updated asset objects reloaded before import = 0
Number of asset objects unloaded after import = 2
========================================================================
Received Import Request.
  Time since last request: 0.005369 seconds.
  path: Assets/ArtRes/UI/icon/主角技能/战士技能/28_41020028.png
  artifactKey: Guid(c12bf5cf2533b2d41b66504af9edeb9e) Importer(815301076,1909f56bfc062723c751e8b465ee728b)
Start importing Assets/ArtRes/UI/icon/主角技能/战士技能/28_41020028.png using Guid(c12bf5cf2533b2d41b66504af9edeb9e) Importer(815301076,1909f56bfc062723c751e8b465ee728b) [PhysX] Initialized MultithreadedTaskDispatcher with 12 workers.
[PhysX] Initialized MultithreadedTaskDispatcher with 12 workers.
 -> (artifact id: '4b00ae01ba5862fbcc4d284b5e033aa7') in 0.020375 seconds
Number of updated asset objects reloaded before import = 0
Number of asset objects unloaded after import = 2
========================================================================
Received Import Request.
  Time since last request: 0.000539 seconds.
  path: Assets/ArtRes/UI/icon/主角技能/战士技能/附带ID技能图标/29_41010029.png
  artifactKey: Guid(cb515d9313d2c764992ead26b46e226d) Importer(815301076,1909f56bfc062723c751e8b465ee728b)
Start importing Assets/ArtRes/UI/icon/主角技能/战士技能/附带ID技能图标/29_41010029.png using Guid(cb515d9313d2c764992ead26b46e226d) Importer(815301076,1909f56bfc062723c751e8b465ee728b) [PhysX] Initialized MultithreadedTaskDispatcher with 12 workers.
[PhysX] Initialized MultithreadedTaskDispatcher with 12 workers.
 -> (artifact id: '1c8c75cec975362fb9edfb68cce50227') in 0.016736 seconds
Number of updated asset objects reloaded before import = 0
Number of asset objects unloaded after import = 2
========================================================================
Received Import Request.
  Time since last request: 0.003892 seconds.
  path: Assets/ArtRes/UI/icon/主角技能/战士技能/附带ID技能图标/30_41010030.png
  artifactKey: Guid(bad197e250d8cb04795bb799ed9acc8a) Importer(815301076,1909f56bfc062723c751e8b465ee728b)
Start importing Assets/ArtRes/UI/icon/主角技能/战士技能/附带ID技能图标/30_41010030.png using Guid(bad197e250d8cb04795bb799ed9acc8a) Importer(815301076,1909f56bfc062723c751e8b465ee728b) [PhysX] Initialized MultithreadedTaskDispatcher with 12 workers.
[PhysX] Initialized MultithreadedTaskDispatcher with 12 workers.
 -> (artifact id: '5455ee098d8e1d25bd386e5972cab102') in 0.012408 seconds
Number of updated asset objects reloaded before import = 0
Number of asset objects unloaded after import = 2
========================================================================
Received Import Request.
  Time since last request: 0.000014 seconds.
  path: Assets/ArtRes/UI/icon/宠物技能/带图集ID资源/30_44110030.png
  artifactKey: Guid(ef289a8118f5dd24798abf8f6cdf7a68) Importer(815301076,1909f56bfc062723c751e8b465ee728b)
Start importing Assets/ArtRes/UI/icon/宠物技能/带图集ID资源/30_44110030.png using Guid(ef289a8118f5dd24798abf8f6cdf7a68) Importer(815301076,1909f56bfc062723c751e8b465ee728b) [PhysX] Initialized MultithreadedTaskDispatcher with 12 workers.
[PhysX] Initialized MultithreadedTaskDispatcher with 12 workers.
 -> (artifact id: '19d21c0477246a9a1ecf641c3228bbb1') in 0.004876 seconds
Number of updated asset objects reloaded before import = 0
Number of asset objects unloaded after import = 2
========================================================================
Received Import Request.
  Time since last request: 0.195573 seconds.
  path: Assets/ArtRes/UI/icon/宠物技能/带图集ID资源/31_44110031.png
  artifactKey: Guid(ea13d2cad9ddb714c822bdb9e9938472) Importer(815301076,1909f56bfc062723c751e8b465ee728b)
Start importing Assets/ArtRes/UI/icon/宠物技能/带图集ID资源/31_44110031.png using Guid(ea13d2cad9ddb714c822bdb9e9938472) Importer(815301076,1909f56bfc062723c751e8b465ee728b) [PhysX] Initialized MultithreadedTaskDispatcher with 12 workers.
[PhysX] Initialized MultithreadedTaskDispatcher with 12 workers.
 -> (artifact id: '407d85568be1ea5c2065b62589891570') in 0.003816 seconds
Number of updated asset objects reloaded before import = 0
Number of asset objects unloaded after import = 2
========================================================================
Received Import Request.
  Time since last request: 0.000011 seconds.
  path: Assets/ArtRes/UI/icon/主角装备/法师/1级法师/32_22330032.png
  artifactKey: Guid(f9aed3b7504fee2438f1f7eabbe92fa3) Importer(815301076,1909f56bfc062723c751e8b465ee728b)
Start importing Assets/ArtRes/UI/icon/主角装备/法师/1级法师/32_22330032.png using Guid(f9aed3b7504fee2438f1f7eabbe92fa3) Importer(815301076,1909f56bfc062723c751e8b465ee728b) [PhysX] Initialized MultithreadedTaskDispatcher with 12 workers.
[PhysX] Initialized MultithreadedTaskDispatcher with 12 workers.
 -> (artifact id: '048d33e747660a7e0deb1e511b6b5550') in 0.009860 seconds
Number of updated asset objects reloaded before import = 0
Number of asset objects unloaded after import = 2
========================================================================
Received Import Request.
  Time since last request: 0.029613 seconds.
  path: Assets/ArtRes/UI/icon/怪物头像/33_12000033.png
  artifactKey: Guid(4fb3ce682808e524f9f01412084a6ef3) Importer(815301076,1909f56bfc062723c751e8b465ee728b)
Start importing Assets/ArtRes/UI/icon/怪物头像/33_12000033.png using Guid(4fb3ce682808e524f9f01412084a6ef3) Importer(815301076,1909f56bfc062723c751e8b465ee728b) [PhysX] Initialized MultithreadedTaskDispatcher with 12 workers.
[PhysX] Initialized MultithreadedTaskDispatcher with 12 workers.
 -> (artifact id: '56796e2d07a0b0c526452f0174014cea') in 0.004920 seconds
Number of updated asset objects reloaded before import = 0
Number of asset objects unloaded after import = 2
========================================================================
Received Import Request.
  Time since last request: 0.000013 seconds.
  path: Assets/ArtRes/UI/icon/宠物装备/33_35100033.png
  artifactKey: Guid(e97eede34d7866142a9817aa9a7a02f6) Importer(815301076,1909f56bfc062723c751e8b465ee728b)
Start importing Assets/ArtRes/UI/icon/宠物装备/33_35100033.png using Guid(e97eede34d7866142a9817aa9a7a02f6) Importer(815301076,1909f56bfc062723c751e8b465ee728b) [PhysX] Initialized MultithreadedTaskDispatcher with 12 workers.
[PhysX] Initialized MultithreadedTaskDispatcher with 12 workers.
 -> (artifact id: 'c6b826123c160587295a0f45e20b81c1') in 0.004352 seconds
Number of updated asset objects reloaded before import = 0
Number of asset objects unloaded after import = 2
========================================================================
Received Import Request.
  Time since last request: 0.000013 seconds.
  path: Assets/ArtRes/UI/icon/主角技能/战士技能/附带ID技能图标/34_41010034.png
  artifactKey: Guid(cb5343ded643f5c4aaf9bc8e9d66d9b8) Importer(815301076,1909f56bfc062723c751e8b465ee728b)
Start importing Assets/ArtRes/UI/icon/主角技能/战士技能/附带ID技能图标/34_41010034.png using Guid(cb5343ded643f5c4aaf9bc8e9d66d9b8) Importer(815301076,1909f56bfc062723c751e8b465ee728b) [PhysX] Initialized MultithreadedTaskDispatcher with 12 workers.
[PhysX] Initialized MultithreadedTaskDispatcher with 12 workers.
 -> (artifact id: 'dd8fa6e2ca25f1e46ec18afcb2a369dc') in 0.009681 seconds
Number of updated asset objects reloaded before import = 0
Number of asset objects unloaded after import = 2
========================================================================
Received Import Request.
  Time since last request: 0.021821 seconds.
  path: Assets/ArtRes/UI/icon/主角技能/战士技能/35_41020035.png
  artifactKey: Guid(ed976d9c1a2cc4a4eb27ccb44eff49c2) Importer(815301076,1909f56bfc062723c751e8b465ee728b)
Start importing Assets/ArtRes/UI/icon/主角技能/战士技能/35_41020035.png using Guid(ed976d9c1a2cc4a4eb27ccb44eff49c2) Importer(815301076,1909f56bfc062723c751e8b465ee728b) [PhysX] Initialized MultithreadedTaskDispatcher with 12 workers.
[PhysX] Initialized MultithreadedTaskDispatcher with 12 workers.
 -> (artifact id: 'abc2f3cbdc5b5395cfcf07f7946a2192') in 0.005300 seconds
Number of updated asset objects reloaded before import = 0
Number of asset objects unloaded after import = 2
========================================================================
Received Import Request.
  Time since last request: 0.000015 seconds.
  path: Assets/ArtRes/UI/icon/宠物技能/带图集ID资源/35_44110035.png
  artifactKey: Guid(ff828994140ee374b9b34871556abd60) Importer(815301076,1909f56bfc062723c751e8b465ee728b)
Start importing Assets/ArtRes/UI/icon/宠物技能/带图集ID资源/35_44110035.png using Guid(ff828994140ee374b9b34871556abd60) Importer(815301076,1909f56bfc062723c751e8b465ee728b) [PhysX] Initialized MultithreadedTaskDispatcher with 12 workers.
[PhysX] Initialized MultithreadedTaskDispatcher with 12 workers.
 -> (artifact id: '982a2f3ac8b2dae18d6760a62d97e445') in 0.003652 seconds
Number of updated asset objects reloaded before import = 0
Number of asset objects unloaded after import = 2
========================================================================
Received Import Request.
  Time since last request: 0.000012 seconds.
  path: Assets/ArtRes/UI/icon/宠物头像/37_14200037.png
  artifactKey: Guid(3592460777aadd94787022cf28f647d0) Importer(815301076,1909f56bfc062723c751e8b465ee728b)
Start importing Assets/ArtRes/UI/icon/宠物头像/37_14200037.png using Guid(3592460777aadd94787022cf28f647d0) Importer(815301076,1909f56bfc062723c751e8b465ee728b) [PhysX] Initialized MultithreadedTaskDispatcher with 12 workers.
[PhysX] Initialized MultithreadedTaskDispatcher with 12 workers.
 -> (artifact id: '795413888a006e90ad4db45ef4be00b8') in 0.008328 seconds
Number of updated asset objects reloaded before import = 0
Number of asset objects unloaded after import = 2
========================================================================
Received Import Request.
  Time since last request: 0.000015 seconds.
  path: Assets/ArtRes/UI/icon/宠物装备/38_35100038.png
  artifactKey: Guid(854c038859109a24aad730732a9b0f9c) Importer(815301076,1909f56bfc062723c751e8b465ee728b)
Start importing Assets/ArtRes/UI/icon/宠物装备/38_35100038.png using Guid(854c038859109a24aad730732a9b0f9c) Importer(815301076,1909f56bfc062723c751e8b465ee728b) [PhysX] Initialized MultithreadedTaskDispatcher with 12 workers.
[PhysX] Initialized MultithreadedTaskDispatcher with 12 workers.
 -> (artifact id: '0e78668534e2aae7fc0456ca45d63663') in 0.003562 seconds
Number of updated asset objects reloaded before import = 0
Number of asset objects unloaded after import = 2
========================================================================
Received Import Request.
  Time since last request: 0.385277 seconds.
  path: Assets/ArtRes/UI/icon/主角装备/法师/2级法师/40_22340040.png
  artifactKey: Guid(9e686c59a637e714cbdfad75d5669767) Importer(815301076,1909f56bfc062723c751e8b465ee728b)
Start importing Assets/ArtRes/UI/icon/主角装备/法师/2级法师/40_22340040.png using Guid(9e686c59a637e714cbdfad75d5669767) Importer(815301076,1909f56bfc062723c751e8b465ee728b) [PhysX] Initialized MultithreadedTaskDispatcher with 12 workers.
[PhysX] Initialized MultithreadedTaskDispatcher with 12 workers.
 -> (artifact id: '28888da5cd64ea48a063b9c1501dba77') in 0.004173 seconds
Number of updated asset objects reloaded before import = 0
Number of asset objects unloaded after import = 2
========================================================================
Received Import Request.
  Time since last request: 0.000014 seconds.
  path: Assets/ArtRes/UI/icon/宠物装备/40_35100040.png
  artifactKey: Guid(92cb14d547bd9a845abbc27e55c959c6) Importer(815301076,1909f56bfc062723c751e8b465ee728b)
Start importing Assets/ArtRes/UI/icon/宠物装备/40_35100040.png using Guid(92cb14d547bd9a845abbc27e55c959c6) Importer(815301076,1909f56bfc062723c751e8b465ee728b) [PhysX] Initialized MultithreadedTaskDispatcher with 12 workers.
[PhysX] Initialized MultithreadedTaskDispatcher with 12 workers.
 -> (artifact id: 'ba78e3b6f7ebc39ea7c677e38e002596') in 0.003976 seconds
Number of updated asset objects reloaded before import = 0
Number of asset objects unloaded after import = 2
========================================================================
Received Import Request.
  Time since last request: 0.000015 seconds.
  path: Assets/ArtRes/UI/icon/宠物装备/41_35100041.png
  artifactKey: Guid(7184d68f4753ab7468e6181013932288) Importer(815301076,1909f56bfc062723c751e8b465ee728b)
Start importing Assets/ArtRes/UI/icon/宠物装备/41_35100041.png using Guid(7184d68f4753ab7468e6181013932288) Importer(815301076,1909f56bfc062723c751e8b465ee728b) [PhysX] Initialized MultithreadedTaskDispatcher with 12 workers.
[PhysX] Initialized MultithreadedTaskDispatcher with 12 workers.
 -> (artifact id: 'ead619d6bdf0bd216e7c9559c06ba77c') in 0.004729 seconds
Number of updated asset objects reloaded before import = 0
Number of asset objects unloaded after import = 2
========================================================================
Received Import Request.
  Time since last request: 0.643873 seconds.
  path: Assets/ArtRes/UI/icon/宠物装备/42_35100042.png
  artifactKey: Guid(a7a974a3b4e7110409db4258d6f61c04) Importer(815301076,1909f56bfc062723c751e8b465ee728b)
Start importing Assets/ArtRes/UI/icon/宠物装备/42_35100042.png using Guid(a7a974a3b4e7110409db4258d6f61c04) Importer(815301076,1909f56bfc062723c751e8b465ee728b) [PhysX] Initialized MultithreadedTaskDispatcher with 12 workers.
[PhysX] Initialized MultithreadedTaskDispatcher with 12 workers.
 -> (artifact id: 'e1b72c15f65de30d5e94ae1383a97e5c') in 0.032067 seconds
Number of updated asset objects reloaded before import = 0
Number of asset objects unloaded after import = 2
========================================================================
Received Import Request.
  Time since last request: 0.000013 seconds.
  path: Assets/ArtRes/UI/icon/宠物头像/43_14100043.png
  artifactKey: Guid(28c8cf6262fadd74a82f9439f8613b16) Importer(815301076,1909f56bfc062723c751e8b465ee728b)
Start importing Assets/ArtRes/UI/icon/宠物头像/43_14100043.png using Guid(28c8cf6262fadd74a82f9439f8613b16) Importer(815301076,1909f56bfc062723c751e8b465ee728b) [PhysX] Initialized MultithreadedTaskDispatcher with 12 workers.
[PhysX] Initialized MultithreadedTaskDispatcher with 12 workers.
 -> (artifact id: '0f7a02823bfd3009906b21c090aa4152') in 0.003613 seconds
Number of updated asset objects reloaded before import = 0
Number of asset objects unloaded after import = 2
========================================================================
Received Import Request.
  Time since last request: 0.014299 seconds.
  path: Assets/ArtRes/UI/icon/宠物头像/45_14100045.png
  artifactKey: Guid(e91d754325d55584280ae9dafe2903e1) Importer(815301076,1909f56bfc062723c751e8b465ee728b)
Start importing Assets/ArtRes/UI/icon/宠物头像/45_14100045.png using Guid(e91d754325d55584280ae9dafe2903e1) Importer(815301076,1909f56bfc062723c751e8b465ee728b) [PhysX] Initialized MultithreadedTaskDispatcher with 12 workers.
[PhysX] Initialized MultithreadedTaskDispatcher with 12 workers.
 -> (artifact id: '54813eb8ec9ebc7491ca342bcbf6375f') in 0.077164 seconds
Number of updated asset objects reloaded before import = 0
Number of asset objects unloaded after import = 2
========================================================================
Received Import Request.
  Time since last request: 0.000012 seconds.
  path: Assets/ArtRes/UI/icon/宠物装备/45_35100045.png
  artifactKey: Guid(5a7e83e37a0f4e34dbe77f97819572ae) Importer(815301076,1909f56bfc062723c751e8b465ee728b)
Start importing Assets/ArtRes/UI/icon/宠物装备/45_35100045.png using Guid(5a7e83e37a0f4e34dbe77f97819572ae) Importer(815301076,1909f56bfc062723c751e8b465ee728b) [PhysX] Initialized MultithreadedTaskDispatcher with 12 workers.
[PhysX] Initialized MultithreadedTaskDispatcher with 12 workers.
 -> (artifact id: '74f0d9d65a9138f22a8ffe83be3429fc') in 0.004268 seconds
Number of updated asset objects reloaded before import = 0
Number of asset objects unloaded after import = 2
========================================================================
Received Import Request.
  Time since last request: 0.000015 seconds.
  path: Assets/ArtRes/UI/icon/主角装备/战士/2级战士/47_22120047.png
  artifactKey: Guid(5d3f491ba4aae854b8facdc6efe5019c) Importer(815301076,1909f56bfc062723c751e8b465ee728b)
Start importing Assets/ArtRes/UI/icon/主角装备/战士/2级战士/47_22120047.png using Guid(5d3f491ba4aae854b8facdc6efe5019c) Importer(815301076,1909f56bfc062723c751e8b465ee728b) [PhysX] Initialized MultithreadedTaskDispatcher with 12 workers.
[PhysX] Initialized MultithreadedTaskDispatcher with 12 workers.
 -> (artifact id: 'a2fe59cd6fed5011be50105779c2bd55') in 0.004342 seconds
Number of updated asset objects reloaded before import = 0
Number of asset objects unloaded after import = 2
========================================================================
Received Import Request.
  Time since last request: 0.944065 seconds.
  path: Assets/ArtRes/UI/icon/主角装备/战士/2级战士/48_22110048.png
  artifactKey: Guid(1a28a679dd9baec498982e663b0c54c0) Importer(815301076,1909f56bfc062723c751e8b465ee728b)
Start importing Assets/ArtRes/UI/icon/主角装备/战士/2级战士/48_22110048.png using Guid(1a28a679dd9baec498982e663b0c54c0) Importer(815301076,1909f56bfc062723c751e8b465ee728b) [PhysX] Initialized MultithreadedTaskDispatcher with 12 workers.
[PhysX] Initialized MultithreadedTaskDispatcher with 12 workers.
 -> (artifact id: '355dd0d148a51b8d1a90aae47f16b1b5') in 0.004245 seconds
Number of updated asset objects reloaded before import = 0
Number of asset objects unloaded after import = 2
========================================================================
Received Import Request.
  Time since last request: 0.000012 seconds.
  path: Assets/ArtRes/UI/icon/宠物头像/49_14100049.png
  artifactKey: Guid(5315ebe1b3aa2e14781a7637a32ebb13) Importer(815301076,1909f56bfc062723c751e8b465ee728b)
Start importing Assets/ArtRes/UI/icon/宠物头像/49_14100049.png using Guid(5315ebe1b3aa2e14781a7637a32ebb13) Importer(815301076,1909f56bfc062723c751e8b465ee728b) [PhysX] Initialized MultithreadedTaskDispatcher with 12 workers.
[PhysX] Initialized MultithreadedTaskDispatcher with 12 workers.
 -> (artifact id: 'fcd1cf381490d9b28ae78a6ab0737032') in 0.009761 seconds
Number of updated asset objects reloaded before import = 0
Number of asset objects unloaded after import = 2
========================================================================
Received Import Request.
  Time since last request: 0.028363 seconds.
  path: Assets/ArtRes/UI/icon/道具图标/货币/经验/暂代/50_32100050.png
  artifactKey: Guid(c30d36ab80ab27240892138bbe275ea9) Importer(815301076,1909f56bfc062723c751e8b465ee728b)
Start importing Assets/ArtRes/UI/icon/道具图标/货币/经验/暂代/50_32100050.png using Guid(c30d36ab80ab27240892138bbe275ea9) Importer(815301076,1909f56bfc062723c751e8b465ee728b) [PhysX] Initialized MultithreadedTaskDispatcher with 12 workers.
[PhysX] Initialized MultithreadedTaskDispatcher with 12 workers.
 -> (artifact id: 'd61fbb6021a87c375bd2609082877a8b') in 0.004786 seconds
Number of updated asset objects reloaded before import = 0
Number of asset objects unloaded after import = 2
========================================================================
Received Import Request.
  Time since last request: 0.000018 seconds.
  path: Assets/ArtRes/UI/icon/宠物头像/52_14100052.png
  artifactKey: Guid(47ef4e4df85cc3642bb19589e3fd9f3d) Importer(815301076,1909f56bfc062723c751e8b465ee728b)
Start importing Assets/ArtRes/UI/icon/宠物头像/52_14100052.png using Guid(47ef4e4df85cc3642bb19589e3fd9f3d) Importer(815301076,1909f56bfc062723c751e8b465ee728b) [PhysX] Initialized MultithreadedTaskDispatcher with 12 workers.
[PhysX] Initialized MultithreadedTaskDispatcher with 12 workers.
 -> (artifact id: 'd735ea079e0aec0760b6ffb80946ce35') in 0.003986 seconds
Number of updated asset objects reloaded before import = 0
Number of asset objects unloaded after import = 2
========================================================================
Received Import Request.
  Time since last request: 0.000015 seconds.
  path: Assets/ArtRes/UI/icon/主角装备/射手/4级猎人/55_22210055.png
  artifactKey: Guid(5a8f40a025e58cc49b14b632cdf4f90b) Importer(815301076,1909f56bfc062723c751e8b465ee728b)
Start importing Assets/ArtRes/UI/icon/主角装备/射手/4级猎人/55_22210055.png using Guid(5a8f40a025e58cc49b14b632cdf4f90b) Importer(815301076,1909f56bfc062723c751e8b465ee728b) [PhysX] Initialized MultithreadedTaskDispatcher with 12 workers.
[PhysX] Initialized MultithreadedTaskDispatcher with 12 workers.
 -> (artifact id: 'e4b3fd36c8f264f0ea9600cacf75e4ef') in 0.009685 seconds
Number of updated asset objects reloaded before import = 0
Number of asset objects unloaded after import = 2
========================================================================
Received Import Request.
  Time since last request: 0.000016 seconds.
  path: Assets/ArtRes/UI/icon/主角装备/射手/4级猎人/56_22240056.png
  artifactKey: Guid(47d2213640e9a7b419ecce6e21085f67) Importer(815301076,1909f56bfc062723c751e8b465ee728b)
Start importing Assets/ArtRes/UI/icon/主角装备/射手/4级猎人/56_22240056.png using Guid(47d2213640e9a7b419ecce6e21085f67) Importer(815301076,1909f56bfc062723c751e8b465ee728b) [PhysX] Initialized MultithreadedTaskDispatcher with 12 workers.
[PhysX] Initialized MultithreadedTaskDispatcher with 12 workers.
 -> (artifact id: '544c3d84962aced753b0beae83c2df3a') in 0.004055 seconds
Number of updated asset objects reloaded before import = 0
Number of asset objects unloaded after import = 2
========================================================================
Received Import Request.
  Time since last request: 0.000013 seconds.
  path: Assets/ArtRes/UI/icon/主角装备/法师/4级法师/53_22330053.png
  artifactKey: Guid(85a073a5796826441b5226926c0b77bb) Importer(815301076,1909f56bfc062723c751e8b465ee728b)
Start importing Assets/ArtRes/UI/icon/主角装备/法师/4级法师/53_22330053.png using Guid(85a073a5796826441b5226926c0b77bb) Importer(815301076,1909f56bfc062723c751e8b465ee728b) [PhysX] Initialized MultithreadedTaskDispatcher with 12 workers.
[PhysX] Initialized MultithreadedTaskDispatcher with 12 workers.
 -> (artifact id: '8519e84daba384939f1def1829371f0b') in 0.004481 seconds
Number of updated asset objects reloaded before import = 0
Number of asset objects unloaded after import = 2
========================================================================
Received Import Request.
  Time since last request: 0.000012 seconds.
  path: Assets/ArtRes/UI/icon/主角装备/射手/4级猎人/57_22230057.png
  artifactKey: Guid(272266ab64e59624ea025ff2c8af0679) Importer(815301076,1909f56bfc062723c751e8b465ee728b)
Start importing Assets/ArtRes/UI/icon/主角装备/射手/4级猎人/57_22230057.png using Guid(272266ab64e59624ea025ff2c8af0679) Importer(815301076,1909f56bfc062723c751e8b465ee728b) [PhysX] Initialized MultithreadedTaskDispatcher with 12 workers.
[PhysX] Initialized MultithreadedTaskDispatcher with 12 workers.
 -> (artifact id: '34aabcae914534e44da9af9bb2fafbef') in 0.010203 seconds
Number of updated asset objects reloaded before import = 0
Number of asset objects unloaded after import = 2
========================================================================
Received Import Request.
  Time since last request: 1.306325 seconds.
  path: Assets/ArtRes/UI/icon/道具图标/战斗道具/63_31100063.png
  artifactKey: Guid(a77952d608af57e4c91f3fd0045aa504) Importer(815301076,1909f56bfc062723c751e8b465ee728b)
Start importing Assets/ArtRes/UI/icon/道具图标/战斗道具/63_31100063.png using Guid(a77952d608af57e4c91f3fd0045aa504) Importer(815301076,1909f56bfc062723c751e8b465ee728b) [PhysX] Initialized MultithreadedTaskDispatcher with 12 workers.
[PhysX] Initialized MultithreadedTaskDispatcher with 12 workers.
 -> (artifact id: 'f84ba2debc123c08dd2948254290b2bc') in 0.007176 seconds
Number of updated asset objects reloaded before import = 0
Number of asset objects unloaded after import = 2
========================================================================
Received Import Request.
  Time since last request: 0.000011 seconds.
  path: Assets/ArtRes/UI/icon/道具图标/战斗道具/64_31100064.png
  artifactKey: Guid(60f6440438a7afa4ea2e2b239a2d27fa) Importer(815301076,1909f56bfc062723c751e8b465ee728b)
Start importing Assets/ArtRes/UI/icon/道具图标/战斗道具/64_31100064.png using Guid(60f6440438a7afa4ea2e2b239a2d27fa) Importer(815301076,1909f56bfc062723c751e8b465ee728b) [PhysX] Initialized MultithreadedTaskDispatcher with 12 workers.
[PhysX] Initialized MultithreadedTaskDispatcher with 12 workers.
 -> (artifact id: '706ad0a1d0fc81707f0f1e08e435699e') in 0.005977 seconds
Number of updated asset objects reloaded before import = 0
Number of asset objects unloaded after import = 2
========================================================================
Received Import Request.
  Time since last request: 0.300404 seconds.
  path: Assets/ArtRes/UI/icon/主角装备/射手/5级猎人/66_22220066.png
  artifactKey: Guid(7c357025c143c9344bac782680f76fce) Importer(815301076,1909f56bfc062723c751e8b465ee728b)
Start importing Assets/ArtRes/UI/icon/主角装备/射手/5级猎人/66_22220066.png using Guid(7c357025c143c9344bac782680f76fce) Importer(815301076,1909f56bfc062723c751e8b465ee728b) [PhysX] Initialized MultithreadedTaskDispatcher with 12 workers.
[PhysX] Initialized MultithreadedTaskDispatcher with 12 workers.
 -> (artifact id: 'ec9524c414451e70ac42d1b21d94e136') in 0.010639 seconds
Number of updated asset objects reloaded before import = 0
Number of asset objects unloaded after import = 2
========================================================================
Received Import Request.
  Time since last request: 0.000013 seconds.
  path: Assets/ArtRes/UI/icon/道具图标/战斗道具/67_31100067.png
  artifactKey: Guid(8a54df62d9bf45349a0dfbb5334b1af5) Importer(815301076,1909f56bfc062723c751e8b465ee728b)
Start importing Assets/ArtRes/UI/icon/道具图标/战斗道具/67_31100067.png using Guid(8a54df62d9bf45349a0dfbb5334b1af5) Importer(815301076,1909f56bfc062723c751e8b465ee728b) [PhysX] Initialized MultithreadedTaskDispatcher with 12 workers.
[PhysX] Initialized MultithreadedTaskDispatcher with 12 workers.
 -> (artifact id: 'e4c21c2a2668f4f428f727c43a712d36') in 0.008518 seconds
Number of updated asset objects reloaded before import = 0
Number of asset objects unloaded after import = 2
========================================================================
Received Import Request.
  Time since last request: 0.000016 seconds.
  path: Assets/ArtRes/UI/icon/主角装备/射手/5级猎人/68_22230068.png
  artifactKey: Guid(35f00c9911505694cad3c2dc4e92caef) Importer(815301076,1909f56bfc062723c751e8b465ee728b)
Start importing Assets/ArtRes/UI/icon/主角装备/射手/5级猎人/68_22230068.png using Guid(35f00c9911505694cad3c2dc4e92caef) Importer(815301076,1909f56bfc062723c751e8b465ee728b) [PhysX] Initialized MultithreadedTaskDispatcher with 12 workers.
[PhysX] Initialized MultithreadedTaskDispatcher with 12 workers.
 -> (artifact id: '53c8274141abb7d7d3fd2834560985bf') in 0.004408 seconds
Number of updated asset objects reloaded before import = 0
Number of asset objects unloaded after import = 2
========================================================================
Received Import Request.
  Time since last request: 0.019819 seconds.
  path: Assets/ArtRes/UI/icon/道具图标/战斗道具/69_31100069.png
  artifactKey: Guid(633ab544365cd9c4a9ed2343c7a9b98e) Importer(815301076,1909f56bfc062723c751e8b465ee728b)
Start importing Assets/ArtRes/UI/icon/道具图标/战斗道具/69_31100069.png using Guid(633ab544365cd9c4a9ed2343c7a9b98e) Importer(815301076,1909f56bfc062723c751e8b465ee728b) [PhysX] Initialized MultithreadedTaskDispatcher with 12 workers.
[PhysX] Initialized MultithreadedTaskDispatcher with 12 workers.
 -> (artifact id: 'a3e8fc4818976c87f130ad59cac6fb1f') in 0.004162 seconds
Number of updated asset objects reloaded before import = 0
Number of asset objects unloaded after import = 2
========================================================================
Received Import Request.
  Time since last request: 0.000013 seconds.
  path: Assets/ArtRes/UI/icon/道具图标/战斗道具/70_31100070.png
  artifactKey: Guid(3b3be76c39646a949ad23e87a82345ca) Importer(815301076,1909f56bfc062723c751e8b465ee728b)
Start importing Assets/ArtRes/UI/icon/道具图标/战斗道具/70_31100070.png using Guid(3b3be76c39646a949ad23e87a82345ca) Importer(815301076,1909f56bfc062723c751e8b465ee728b) [PhysX] Initialized MultithreadedTaskDispatcher with 12 workers.
[PhysX] Initialized MultithreadedTaskDispatcher with 12 workers.
 -> (artifact id: 'ce4287c73c25cec515d7f567a2c2601d') in 0.011497 seconds
Number of updated asset objects reloaded before import = 0
Number of asset objects unloaded after import = 2
========================================================================
Received Import Request.
  Time since last request: 0.000013 seconds.
  path: Assets/ArtRes/UI/icon/道具图标/战斗道具/72_31100072.png
  artifactKey: Guid(69c5d7c69053b994f85967c1e6d373df) Importer(815301076,1909f56bfc062723c751e8b465ee728b)
Start importing Assets/ArtRes/UI/icon/道具图标/战斗道具/72_31100072.png using Guid(69c5d7c69053b994f85967c1e6d373df) Importer(815301076,1909f56bfc062723c751e8b465ee728b) [PhysX] Initialized MultithreadedTaskDispatcher with 12 workers.
[PhysX] Initialized MultithreadedTaskDispatcher with 12 workers.
 -> (artifact id: '2df0f8975c1ba0fae46e5825c2f3722b') in 0.003739 seconds
Number of updated asset objects reloaded before import = 0
Number of asset objects unloaded after import = 2
========================================================================
Received Import Request.
  Time since last request: 0.000011 seconds.
  path: Assets/ArtRes/UI/icon/主角装备/法师/2级法师/75_22350075.png
  artifactKey: Guid(09cdf3a7c2e7fab42962d4b5e4221d23) Importer(815301076,1909f56bfc062723c751e8b465ee728b)
Start importing Assets/ArtRes/UI/icon/主角装备/法师/2级法师/75_22350075.png using Guid(09cdf3a7c2e7fab42962d4b5e4221d23) Importer(815301076,1909f56bfc062723c751e8b465ee728b) [PhysX] Initialized MultithreadedTaskDispatcher with 12 workers.
[PhysX] Initialized MultithreadedTaskDispatcher with 12 workers.
 -> (artifact id: '29362096af1bb14dcb48bfbef268eda5') in 0.011497 seconds
Number of updated asset objects reloaded before import = 0
Number of asset objects unloaded after import = 2
========================================================================
Received Import Request.
  Time since last request: 0.000013 seconds.
  path: Assets/ArtRes/UI/icon/主角装备/射手/6级猎人/73_22240073.png
  artifactKey: Guid(e5a73cfcb8452f64e8331a93850f86d9) Importer(815301076,1909f56bfc062723c751e8b465ee728b)
Start importing Assets/ArtRes/UI/icon/主角装备/射手/6级猎人/73_22240073.png using Guid(e5a73cfcb8452f64e8331a93850f86d9) Importer(815301076,1909f56bfc062723c751e8b465ee728b) [PhysX] Initialized MultithreadedTaskDispatcher with 12 workers.
[PhysX] Initialized MultithreadedTaskDispatcher with 12 workers.
 -> (artifact id: '7e333b582683830889f6997dddd87bd8') in 0.004302 seconds
Number of updated asset objects reloaded before import = 0
Number of asset objects unloaded after import = 2
Editor requested this worker to shutdown with reason: Scaling down because of idle timeout
TcpMessagingSession - receive error: operation aborted. errorcode: 995, details: ߳˳Ӧóֹ I/O 
AssetImportWorker is now disconnected from the server
Process exiting
Exiting without the bug reporter. Application will terminate with return code 0